<?xml version="1.0" encoding="UTF-8"?>
<!-- Generated by org.testng.reporters.JUnitReportReporter -->
<testsuite skipped="0" hostname="DESKTOP-0VTV3UV" name="com.ebanking.master.Branchcre" tests="1" failures="0" timestamp="2020-10-20T07:06:38 CDT" time="11.403" errors="0">
  <testcase name="branch" time="11.403" classname="com.ebanking.master.Branchcre"/>
  <system-out/>
</testsuite> <!-- com.ebanking.master.Branchcre -->
