<?xml version="1.0" encoding="UTF-8"?>
<!-- Generated by org.testng.reporters.JUnitReportReporter -->
<testsuite skipped="0" hostname="DESKTOP-0VTV3UV" name="com.ebanking.master.RoleCre" tests="3" failures="0" timestamp="2020-10-27T06:22:01 CDT" time="19.744" errors="0">
  <testcase name="Rolecre" time="6.902" classname="com.ebanking.master.RoleCre"/>
  <system-out/>
  <testcase name="Rolecre" time="6.948" classname="com.ebanking.master.RoleCre"/>
  <system-out/>
  <testcase name="Rolecre" time="5.894" classname="com.ebanking.master.RoleCre"/>
  <system-out/>
</testsuite> <!-- com.ebanking.master.RoleCre -->
