<?xml version="1.0" encoding="UTF-8"?>
<!-- Generated by org.testng.reporters.JUnitReportReporter -->
<testsuite skipped="0" hostname="DESKTOP-0VTV3UV" name="com.ebanking.master.Base" tests="1" failures="0" timestamp="2020-10-20T06:55:44 CDT" time="7.085" errors="0">
  <testcase name="rol" time="7.085" classname="com.ebanking.master.Base"/>
  <system-out/>
</testsuite> <!-- com.ebanking.master.Base -->
